<?xml version="1.0" encoding="UTF-8"?>
<!-- Generated by org.testng.reporters.JUnitXMLReporter -->
<testsuite ignored="0" hostname="LAPTOP-KRRF1NGI" failures="1" tests="1" name="Test" time="22.261" errors="0" timestamp="2022-11-01T20:16:56 IST">
  <testcase classname="sauceDemo_Project.TC01_VerifyLoginFunctionality" name="VerifyLogin01" time="0.014">
    <failure type="java.lang.AssertionError" message="expected [saucedemo] but found [Swag Labs]">
      <![CDATA[java.lang.AssertionError: expected [saucedemo] but found [Swag Labs]
at sauceDemo_Project.TC01_VerifyLoginFunctionality.VerifyLogin01(TC01_VerifyLoginFunctionality.java:26)
at java.base/java.util.ArrayList.forEach(ArrayList.java:1511)
... Removed 31 stack frames]]>
    </failure>
  </testcase> <!-- VerifyLogin01 -->
</testsuite> <!-- Test -->
